<?xml version="1.0" encoding="UTF-8"?>
<!-- Generated by org.testng.reporters.JUnitReportReporter -->
<testsuite hostname="SYS0029" name="TestSuite.VerifyingWidgets" tests="1" failures="0" timestamp="29 Nov 2013 10:18:55 GMT" time="274.988" errors="0">
  <testcase name="checkallwidgets" time="274.988" classname="TestSuite.VerifyingWidgets"/>
</testsuite> <!-- TestSuite.VerifyingWidgets -->
